<?xml version="1.0" encoding="UTF-8"?>
<!-- Generated by org.testng.reporters.JUnitReportReporter -->
<testsuite hostname="mo-saber" failures="0" tests="2" name="steps.homeTest.ContactUsTest" time="2.462" errors="0" timestamp="2023-10-12T11:32:20 EET" skipped="0">
  <testcase classname="steps.homeTest.ContactUsTest" name="openAndVerifyContactUsTitleTC" time="2.006"/>
  <testcase classname="steps.homeTest.ContactUsTest" name="submitFormAndDialogTC" time="0.456"/>
</testsuite> <!-- steps.homeTest.ContactUsTest -->
