<?xml version="1.0" encoding="UTF-8"?>
<!-- Generated by org.testng.reporters.JUnitReportReporter -->
<testsuite hostname="DESKTOP-5MTP625" failures="0" tests="1" name="testCases.authTestCases.RegisterTest" time="25.102" errors="0" timestamp="2023-01-31T15:22:36 EET" skipped="0">
  <testcase classname="testCases.authTestCases.RegisterTest" name="registerNewUserTC" time="25.102"/>
  <system-out/>
</testsuite> <!-- testCases.authTestCases.RegisterTest -->
