<?xml version="1.0" encoding="UTF-8"?>
<!-- Generated by org.testng.reporters.JUnitReportReporter -->
<testsuite hostname="DESKTOP-5MTP625" failures="0" tests="2" name="steps.homeTest.ContactUsTest" time="2.150" errors="0" timestamp="2023-10-15T20:53:36 EEST" skipped="0">
  <testcase classname="steps.homeTest.ContactUsTest" name="openAndVerifyContactUsTitleTC" time="1.817"/>
  <testcase classname="steps.homeTest.ContactUsTest" name="submitFormAndDialogTC" time="0.333"/>
</testsuite> <!-- steps.homeTest.ContactUsTest -->
