<?xml version="1.0" encoding="UTF-8"?>
<!-- Generated by org.testng.reporters.JUnitReportReporter -->
<testsuite hostname="DESKTOP-5MTP625" failures="0" tests="2" name="steps.authTest.RegisterTest" time="17.970" errors="0" timestamp="2023-10-15T20:53:36 EEST" skipped="0">
  <testcase classname="steps.authTest.RegisterTest" name="registerNewUserTC" time="15.348"/>
  <testcase classname="steps.authTest.RegisterTest" name="registerDuplicateUserTC" time="2.622"/>
</testsuite> <!-- steps.authTest.RegisterTest -->
