<?xml version="1.0" encoding="UTF-8"?>
<!-- Generated by org.testng.reporters.JUnitReportReporter -->
<testsuite hostname="DESKTOP-5MTP625" failures="0" tests="1" name="testCases.authTestCases.LoginTest" time="112.266" errors="0" timestamp="2023-02-03T23:15:55 EET" skipped="0">
  <testcase classname="testCases.authTestCases.LoginTest" name="invalidLoginTC" time="112.266"/>
  <system-out/>
</testsuite> <!-- testCases.authTestCases.LoginTest -->
