<?xml version="1.0" encoding="UTF-8"?>
<!-- Generated by org.testng.reporters.JUnitReportReporter -->
<testsuite hostname="DESKTOP-5MTP625" failures="0" tests="1" name="steps.authTest.LoginTest" time="2.677" errors="0" timestamp="2023-10-15T20:53:36 EEST" skipped="0">
  <testcase classname="steps.authTest.LoginTest" name="invalidLoginTC" time="2.677"/>
</testsuite> <!-- steps.authTest.LoginTest -->
