<?xml version="1.0" encoding="UTF-8"?>
<!-- Generated by org.testng.reporters.JUnitReportReporter -->
<testsuite hostname="mo-saber" failures="0" tests="2" name="steps.authTest.RegisterTest" time="15.121" errors="0" timestamp="2023-10-11T11:31:08 EET" skipped="0">
  <testcase classname="steps.authTest.RegisterTest" name="registerNewUserTC" time="12.167"/>
  <testcase classname="steps.authTest.RegisterTest" name="registerDuplicateUserTC" time="2.954"/>
</testsuite> <!-- steps.authTest.RegisterTest -->
