<?xml version="1.0" encoding="UTF-8"?>
<!-- Generated by org.testng.reporters.JUnitReportReporter -->
<testsuite hostname="mo-saber" failures="0" tests="2" name="steps.authTest.LoginTest" time="10.809" errors="0" timestamp="2023-10-11T11:31:08 EET" skipped="0">
  <testcase classname="steps.authTest.LoginTest" name="validLoginTC" time="8.567"/>
  <testcase classname="steps.authTest.LoginTest" name="invalidLoginTC" time="2.242"/>
</testsuite> <!-- steps.authTest.LoginTest -->
