<?xml version="1.0" encoding="UTF-8"?>
<!-- Generated by org.testng.reporters.JUnitReportReporter -->
<testsuite hostname="DESKTOP-5MTP625" failures="0" tests="2" name="steps.authTest.RegisterTest" time="48.890" errors="0" timestamp="2023-10-04T21:35:54 EET" skipped="0">
  <testcase classname="steps.authTest.RegisterTest" name="registerNewUserTC" time="35.797"/>
  <testcase classname="steps.authTest.RegisterTest" name="registerDuplicateUserTC" time="13.093"/>
</testsuite> <!-- steps.authTest.RegisterTest -->
