<?xml version="1.0" encoding="UTF-8"?>
<!-- Generated by org.testng.reporters.JUnitReportReporter -->
<testsuite hostname="DESKTOP-5MTP625" failures="0" tests="2" name="testCases.authTestCases.RegisterTest" time="281.604" errors="0" timestamp="2023-02-05T22:55:32 EET" skipped="0">
  <testcase classname="testCases.authTestCases.RegisterTest" name="registerNewUserTC" time="270.457"/>
  <system-out/>
  <testcase classname="testCases.authTestCases.RegisterTest" name="registerDuplicateUserTC" time="11.147"/>
  <system-out/>
</testsuite> <!-- testCases.authTestCases.RegisterTest -->
