<?xml version="1.0" encoding="UTF-8"?>
<!-- Generated by org.testng.reporters.JUnitReportReporter -->
<testsuite hostname="DESKTOP-5MTP625" failures="0" tests="1" name="testCases.authTestCases.RegisterTest" time="27.573" errors="0" timestamp="2023-02-03T22:21:59 EET" skipped="0">
  <testcase classname="testCases.authTestCases.RegisterTest" name="registerNewUserTC" time="27.573"/>
  <system-out/>
</testsuite> <!-- testCases.authTestCases.RegisterTest -->
